<?xml version="1.0" encoding="UTF-8"?>
<!-- Generated by org.testng.reporters.JUnitReportReporter -->
<testsuite hostname="DESKTOP-ELLOJG3" failures="0" tests="1" name="testCases.TC002_LoginTest" time="3.076" errors="0" timestamp="2024-12-29T16:46:55 IST" skipped="0">
  <testcase classname="testCases.TC002_LoginTest" name="verify_login" time="3.076"/>
</testsuite> <!-- testCases.TC002_LoginTest -->
